android/app/build/outputs/mapping/release/seeds.txt
net.ganjoorak.app.data.model.GanjoorSearchResultDto$$serializer
net.ganjoorak.app.data.model.EcholaliaPostDto$Companion
net.ganjoorak.app.data.model.CustomPoemDto
net.ganjoorak.app.util.PoetIndexEntry$Companion
net.ganjoorak.app.data.model.GanjoorPoemDto$Companion
net.ganjoorak.app.MainActivity
net.ganjoorak.app.domain.settings.PoemViewerVisibility
net.ganjoorak.app.data.api.EcholaliaApi
net.ganjoorak.app.data.model.EcholaliaRenderedDto$$serializer
net.ganjoorak.app.util.PoetIndexEntry$$serializer
net.ganjoorak.app.data.model.VerseSyncDto$Companion
net.ganjoorak.app.data.model.CustomPoetBundleDto$$serializer
net.ganjoorak.app.data.model.GanjoorCenturyDto$Companion
net.ganjoorak.app.data.model.CustomPoetBundleDto$Companion
net.ganjoorak.app.data.model.CustomPoemDto$Companion
net.ganjoorak.app.domain.settings.PoemViewerVisibility$Companion
net.ganjoorak.app.data.model.GanjoorCenturyDto
net.ganjoorak.app.util.PoetIndexEntry
net.ganjoorak.app.data.model.GanjoorRecitationDto$$serializer
net.ganjoorak.app.util.PoetIndexFile$Companion
net.ganjoorak.app.data.model.EcholaliaPostDto
net.ganjoorak.app.data.model.EcholaliaPostDto$$serializer
net.ganjoorak.app.data.model.EcholaliaCategoryDto$$serializer
net.ganjoorak.app.data.model.GanjoorRecitationDto
net.ganjoorak.app.data.model.GanjoorSearchResultDto
net.ganjoorak.app.data.model.CustomPoetBundleDto
net.ganjoorak.app.data.model.GanjoorPoemDto$$serializer
net.ganjoorak.app.data.api.GanjoorApi
net.ganjoorak.app.data.model.VerseSyncDto
net.ganjoorak.app.data.model.GanjoorRecitationDto$Companion
net.ganjoorak.app.data.model.EcholaliaCategoryDto
net.ganjoorak.app.util.PoetIndexFile$$serializer
net.ganjoorak.app.data.model.EcholaliaRenderedDto$Companion
net.ganjoorak.app.data.model.GanjoorPoetDto$Companion
net.ganjoorak.app.data.model.CustomPoemDto$$serializer
net.ganjoorak.app.data.model.GanjoorPoemDto
net.ganjoorak.app.domain.settings.PoemViewerVisibility$$serializer
net.ganjoorak.app.util.PoetIndexFile
net.ganjoorak.app.data.model.GanjoorPoetDto
net.ganjoorak.app.data.model.EcholaliaCategoryDto$Companion
net.ganjoorak.app.data.model.GanjoorSearchResultDto$Companion
net.ganjoorak.app.data.model.EcholaliaRenderedDto
net.ganjoorak.app.data.model.GanjoorCenturyDto$$serializer
net.ganjoorak.app.data.model.VerseSyncDto$$serializer
net.ganjoorak.app.GanjoorakApplication
net.ganjoorak.app.data.model.GanjoorPoetDto$$serializer
net.ganjoorak.app.data.model.EcholaliaCategoryDto$$serializer: net.ganjoorak.app.data.model.EcholaliaCategoryDto$$serializer INSTANCE
net.ganjoorak.app.data.model.GanjoorRecitationDto$$serializer: kotlinx.serialization.descriptors.SerialDescriptor descriptor
net.ganjoorak.app.data.model.EcholaliaPostDto$$serializer: kotlinx.serialization.descriptors.SerialDescriptor descriptor
net.ganjoorak.app.data.model.VerseSyncDto$$serializer: kotlinx.serialization.descriptors.SerialDescriptor descriptor
net.ganjoorak.app.data.model.GanjoorCenturyDto$$serializer: kotlinx.serialization.descriptors.SerialDescriptor descriptor
net.ganjoorak.app.data.model.VerseSyncDto: net.ganjoorak.app.data.model.VerseSyncDto$Companion Companion
net.ganjoorak.app.data.model.GanjoorRecitationDto$$serializer: net.ganjoorak.app.data.model.GanjoorRecitationDto$$serializer INSTANCE
net.ganjoorak.app.data.model.CustomPoetBundleDto$$serializer: kotlinx.serialization.descriptors.SerialDescriptor descriptor
net.ganjoorak.app.domain.settings.PoemViewerVisibility$$serializer: net.ganjoorak.app.domain.settings.PoemViewerVisibility$$serializer INSTANCE
net.ganjoorak.app.ui.feed.FeedViewModel: net.ganjoorak.app.ui.feed.FeedViewModel$Companion Companion
net.ganjoorak.app.util.PoetIndexEntry$$serializer: kotlinx.serialization.descriptors.SerialDescriptor descriptor
net.ganjoorak.app.data.model.EcholaliaRenderedDto: net.ganjoorak.app.data.model.EcholaliaRenderedDto$Companion Companion
net.ganjoorak.app.domain.settings.AppSettings: net.ganjoorak.app.domain.settings.AppSettings$Companion Companion
...
kotlinx.coroutines.android.HandlerDispatcherKt: android.view.Choreographer choreographer
androidx.media3.extractor.metadata.dvbsi.AppInfoTable: android.os.Parcelable$Creator CREATOR
kotlinx.serialization.json.JsonLiteral: java.lang.String content
kotlinx.coroutines.internal.DispatchedContinuation: java.lang.Object _reusableCancellableContinuation$volatile
androidx.datastore.preferences.protobuf.GeneratedMessageLite: int memoizedSerializedSize
kotlinx.serialization.json.internal.JsonTreeMapDecoder: kotlinx.serialization.json.JsonObject value
kotlinx.coroutines.flow.StateFlowImpl: java.lang.Object _state$volatile
androidx.datastore.preferences.PreferencesProto$Value: java.lang.Object value_
kotlinx.serialization.json.internal.JsonToStringWriter: int size
kotlinx.serialization.json.JsonLiteral: boolean isString
kotlinx.coroutines.internal.ResizableAtomicArray: java.util.concurrent.atomic.AtomicReferenceArray array
kotlinx.serialization.json.JsonElementSerializer: kotlinx.serialization.descriptors.SerialDescriptor descriptor
kotlinx.coroutines.channels.BufferedChannel: long completedExpandBuffersAndPauseFlag$volatile
kotlinx.serialization.json.JsonPrimitive: kotlinx.serialization.json.JsonPrimitive$Companion Companion
kotlinx.coroutines.internal.Segment: int cleanedAndPointers$volatile
androidx.recyclerview.widget.StaggeredGridLayoutManager$SavedState: android.os.Parcelable$Creator CREATOR
kotlinx.serialization.json.ClassDiscriminatorMode: kotlinx.serialization.json.ClassDiscriminatorMode[] $VALUES
kotlinx.serialization.json.internal.JsonElementMarker: kotlinx.serialization.internal.ElementMarker origin
kotlinx.serialization.json.internal.JsonPath$Tombstone: kotlinx.serialization.json.internal.JsonPath$Tombstone INSTANCE
kotlinx.serialization.json.internal.AbstractJsonLexerKt: byte TC_BEGIN_OBJ
kotlinx.serialization.json.internal.AbstractJsonLexerKt: char COMMA
kotlinx.serialization.json.internal.JsonPath: java.lang.Object[] currentObjectPath
kotlinx.serialization.json.internal.JsonTreeDecoder: boolean forceNull
kotlinx.serialization.json.internal.JsonTreeListDecoder: int size
kotlinx.serialization.json.internal.JsonToStringWriter: char[] array
android.support.v4.media.MediaBrowserCompat$MediaItem: android.os.Parcelable$Creator CREATOR
kotlinx.serialization.json.internal.CharMappings: byte[] CHAR_TO_TOKEN
kotlinx.serialization.json.internal.ComposerWithPrettyPrint: int level
kotlinx.serialization.json.JsonConfiguration: boolean decodeEnumsCaseInsensitive
kotlinx.serialization.json.internal.JsonPath: int[] indicies
kotlinx.serialization.json.internal.JsonStreamsKt: int HIGH_SURROGATE_HEADER
kotlinx.coroutines.EventLoopImplBase$DelayedTask: java.lang.Object _heap
kotlinx.serialization.json.JsonConfiguration: boolean allowSpecialFloatingPointValues
androidx.media3.extractor.metadata.id3.UrlLinkFrame: android.os.Parcelable$Creator CREATOR
kotlinx.serialization.json.internal.CharArrayPoolBase: int charsTotal
kotlinx.serialization.json.JsonBuilder: boolean allowComments
kotlinx.serialization.json.internal.JsonTreeListEncoder: java.util.ArrayList array
kotlinx.serialization.json.internal.WriteMode: kotlinx.serialization.json.internal.WriteMode OBJ
androidx.lifecycle.Lifecycle$Event: androidx.lifecycle.Lifecycle$Event ON_PAUSE
kotlinx.serialization.json.JsonConfiguration: boolean explicitNulls
kotlinx.serialization.json.internal.JsonTreeReader: int stackDepth
kotlinx.serialization.json.internal.ComposerForUnsignedNumbers: boolean forceQuoting
kotlinx.serialization.json.JsonNamingStrategy$Builtins: kotlinx.serialization.json.JsonNamingStrategy$Builtins $$INSTANCE
kotlinx.coroutines.DispatchedCoroutine: int _decision$volatile
kotlinx.serialization.json.internal.AbstractJsonLexerKt: java.lang.String lenientHint
android.support.v4.media.session.PlaybackStateCompat: android.os.Parcelable$Creator CREATOR
kotlinx.serialization.json.internal.WriteMode: char begin
kotlin.jvm.internal.CallableReference: java.lang.Object NO_RECEIVER